0 info it worked if it ends with ok
1 verbose cli [ 'C:\\Program Files\\nodejs\\node.exe',
1 verbose cli   'C:\\Program Files\\nodejs\\node_modules\\npm\\bin\\npm-cli.js',
1 verbose cli   'run',
1 verbose cli   'build' ]
2 info using npm@3.10.10
3 info using node@v6.9.5
4 verbose run-script [ 'prebuild', 'build', 'postbuild' ]
5 info lifecycle clinicamedica@0.0.1~prebuild: clinicamedica@0.0.1
6 verbose lifecycle clinicamedica@0.0.1~prebuild: unsafe-perm in lifecycle true
7 verbose lifecycle clinicamedica@0.0.1~prebuild: PATH: C:\Program Files\nodejs\node_modules\npm\bin\node-gyp-bin;C:\Users\Desktop\Desktop\minimal-rest-controller\node_modules\.bin;C:\Program Files\Git\mingw64\bin;C:\Program Files\Git\usr\bin;C:\Users\Desktop\bin;C:\ProgramData\Oracle\Java\javapath;C:\Windows\system32;C:\Windows;C:\Windows\System32\Wbem;C:\Windows\System32\WindowsPowerShell\v1.0;C:\Program Files\Microsoft SQL Server\120\Tools\Binn;C:\Program Files (x86)\NVIDIA Corporation\PhysX\Common;C:\Program Files\Microsoft SQL Server\130\Tools\Binn;C:\Program Files (x86)\MySQL\MySQL Fabric 1.5 & MySQL Utilities 1.5;C:\Program Files (x86)\MySQL\MySQL Fabric 1.5 & MySQL Utilities 1.5\Doctrine extensions for PHP;C:\WINDOWS\system32;C:\WINDOWS;C:\WINDOWS\System32\Wbem;C:\WINDOWS\System32\WindowsPowerShell\v1.0;C:\Program Files (x86)\NVIDIA Corporation\Cg\bin;C:\Program Files (x86)\NVIDIA Corporation\Cg\bin.x64;C:\Program Files (x86)\Streamlink\bin;C:\Program Files\nodejs;C:\Program Files (x86)\Skype\Phone;C:\Program Files (x86)\GtkSharp\2.12\bin;C:\Users\Desktop\AppData\Roaming\npm;C:\Users\Desktop\AppData\Local\Microsoft\WindowsApps;C:\apache-maven-3.5.0\bin;C:\Program Files\Microsoft VS Code\bin
8 verbose lifecycle clinicamedica@0.0.1~prebuild: CWD: C:\Users\Desktop\Desktop\minimal-rest-controller
9 silly lifecycle clinicamedica@0.0.1~prebuild: Args: [ '/d /s /c', 'npm install' ]
10 silly lifecycle clinicamedica@0.0.1~prebuild: Returned: code: 0  signal: null
11 info lifecycle clinicamedica@0.0.1~build: clinicamedica@0.0.1
12 verbose lifecycle clinicamedica@0.0.1~build: unsafe-perm in lifecycle true
13 verbose lifecycle clinicamedica@0.0.1~build: PATH: C:\Program Files\nodejs\node_modules\npm\bin\node-gyp-bin;C:\Users\Desktop\Desktop\minimal-rest-controller\node_modules\.bin;C:\Program Files\Git\mingw64\bin;C:\Program Files\Git\usr\bin;C:\Users\Desktop\bin;C:\ProgramData\Oracle\Java\javapath;C:\Windows\system32;C:\Windows;C:\Windows\System32\Wbem;C:\Windows\System32\WindowsPowerShell\v1.0;C:\Program Files\Microsoft SQL Server\120\Tools\Binn;C:\Program Files (x86)\NVIDIA Corporation\PhysX\Common;C:\Program Files\Microsoft SQL Server\130\Tools\Binn;C:\Program Files (x86)\MySQL\MySQL Fabric 1.5 & MySQL Utilities 1.5;C:\Program Files (x86)\MySQL\MySQL Fabric 1.5 & MySQL Utilities 1.5\Doctrine extensions for PHP;C:\WINDOWS\system32;C:\WINDOWS;C:\WINDOWS\System32\Wbem;C:\WINDOWS\System32\WindowsPowerShell\v1.0;C:\Program Files (x86)\NVIDIA Corporation\Cg\bin;C:\Program Files (x86)\NVIDIA Corporation\Cg\bin.x64;C:\Program Files (x86)\Streamlink\bin;C:\Program Files\nodejs;C:\Program Files (x86)\Skype\Phone;C:\Program Files (x86)\GtkSharp\2.12\bin;C:\Users\Desktop\AppData\Roaming\npm;C:\Users\Desktop\AppData\Local\Microsoft\WindowsApps;C:\apache-maven-3.5.0\bin;C:\Program Files\Microsoft VS Code\bin
14 verbose lifecycle clinicamedica@0.0.1~build: CWD: C:\Users\Desktop\Desktop\minimal-rest-controller
15 silly lifecycle clinicamedica@0.0.1~build: Args: [ '/d /s /c', 'gulp' ]
16 silly lifecycle clinicamedica@0.0.1~build: Returned: code: 1  signal: null
17 info lifecycle clinicamedica@0.0.1~build: Failed to exec build script
18 verbose stack Error: clinicamedica@0.0.1 build: `gulp`
18 verbose stack Exit status 1
18 verbose stack     at EventEmitter.<anonymous> (C:\Program Files\nodejs\node_modules\npm\lib\utils\lifecycle.js:255:16)
18 verbose stack     at emitTwo (events.js:106:13)
18 verbose stack     at EventEmitter.emit (events.js:191:7)
18 verbose stack     at ChildProcess.<anonymous> (C:\Program Files\nodejs\node_modules\npm\lib\utils\spawn.js:40:14)
18 verbose stack     at emitTwo (events.js:106:13)
18 verbose stack     at ChildProcess.emit (events.js:191:7)
18 verbose stack     at maybeClose (internal/child_process.js:877:16)
18 verbose stack     at Process.ChildProcess._handle.onexit (internal/child_process.js:226:5)
19 verbose pkgid clinicamedica@0.0.1
20 verbose cwd C:\Users\Desktop\Desktop\minimal-rest-controller
21 error Windows_NT 10.0.14393
22 error argv "C:\\Program Files\\nodejs\\node.exe" "C:\\Program Files\\nodejs\\node_modules\\npm\\bin\\npm-cli.js" "run" "build"
23 error node v6.9.5
24 error npm  v3.10.10
25 error code ELIFECYCLE
26 error clinicamedica@0.0.1 build: `gulp`
26 error Exit status 1
27 error Failed at the clinicamedica@0.0.1 build script 'gulp'.
27 error Make sure you have the latest version of node.js and npm installed.
27 error If you do, this is most likely a problem with the clinicamedica package,
27 error not with npm itself.
27 error Tell the author that this fails on your system:
27 error     gulp
27 error You can get information on how to open an issue for this project with:
27 error     npm bugs clinicamedica
27 error Or if that isn't available, you can get their info via:
27 error     npm owner ls clinicamedica
27 error There is likely additional logging output above.
28 verbose exit [ 1, true ]
